2025-08-13 02:32:04,067 - INFO - ⌛ Подключаюсь к камере 1: test_video_2.mp4
2025-08-13 02:32:04,099 - INFO - ✅ Подключение к камере 1 успешно!
2025-08-13 02:32:04,099 - INFO - 📺 Параметры видео: 3840x2160 @ 60.0 FPS
2025-08-13 02:32:04,203 - ERROR - 🔥 Критическая ошибка при обработке камеры 1: Unknown C++ exception from OpenCV code
2025-08-13 02:32:07,208 - INFO - ⌛ Подключаюсь к камере 1: test_video_2.mp4
2025-08-13 02:32:07,246 - INFO - ✅ Подключение к камере 1 успешно!
2025-08-13 02:32:07,247 - INFO - 📺 Параметры видео: 3840x2160 @ 60.0 FPS
2025-08-13 02:32:07,252 - ERROR - 🔥 Критическая ошибка при обработке камеры 1: Unknown C++ exception from OpenCV code
2025-08-13 02:32:10,257 - INFO - ⌛ Подключаюсь к камере 1: test_video_2.mp4
2025-08-13 02:32:10,292 - INFO - ✅ Подключение к камере 1 успешно!
2025-08-13 02:32:10,293 - INFO - 📺 Параметры видео: 3840x2160 @ 60.0 FPS
2025-08-13 02:32:10,301 - ERROR - 🔥 Критическая ошибка при обработке камеры 1: Unknown C++ exception from OpenCV code
2025-08-13 02:32:13,306 - INFO - ⌛ Подключаюсь к камере 1: test_video_2.mp4
2025-08-13 02:32:13,341 - INFO - ✅ Подключение к камере 1 успешно!
2025-08-13 02:32:13,341 - INFO - 📺 Параметры видео: 3840x2160 @ 60.0 FPS
2025-08-13 02:32:13,350 - ERROR - 🔥 Критическая ошибка при обработке камеры 1: Unknown C++ exception from OpenCV code
2025-08-13 02:32:16,355 - INFO - ⌛ Подключаюсь к камере 1: test_video_2.mp4
2025-08-13 02:32:16,388 - INFO - ✅ Подключение к камере 1 успешно!
2025-08-13 02:32:16,388 - INFO - 📺 Параметры видео: 3840x2160 @ 60.0 FPS
2025-08-13 02:32:16,393 - ERROR - 🔥 Критическая ошибка при обработке камеры 1: Unknown C++ exception from OpenCV code
2025-08-13 02:32:19,398 - ERROR - 🚫 Не удалось подключиться к камере 1 после 5 попыток
